<?xml version="1.0" encoding="UTF-8"?>
<testsuite name="Test" tests="1" skipped="0" failures="0" errors="0" timestamp="2018-09-04T20:45:48" hostname="Michal-Komputer" time="5.988">
  <properties/>
  <testcase name="Test" classname="Test" time="5.988"/>
  <system-out><![CDATA[]]></system-out>
  <system-err><![CDATA[1536093948960	geckodriver	INFO	geckodriver 0.21.0
1536093948975	geckodriver	INFO	Listening on 127.0.0.1:1634
1536093949735	mozrunner::runner	INFO	Running command: "C:\\Program Files (x86)\\Mozilla Firefox\\firefox.exe" "-marionette" "-foreground" "-no-remote" "-profile" "C:\\Users\\Michal\\AppData\\Local\\Temp\\rust_mozprofile.XiCRKacALlTl"
Unable to read VR Path Registry from C:\Users\Michal\AppData\Local\openvr\openvrpaths.vrpath
Unable to read VR Path Registry from C:\Users\Michal\AppData\Local\openvr\openvrpaths.vrpath
Unable to read VR Path Registry from C:\Users\Michal\AppData\Local\openvr\openvrpaths.vrpath
Unable to read VR Path Registry from C:\Users\Michal\AppData\Local\openvr\openvrpaths.vrpath
Unable to read VR Path Registry from C:\Users\Michal\AppData\Local\openvr\openvrpaths.vrpath
1536093952057	Marionette	INFO	Listening on port 54639
1536093952449	Marionette	WARN	TLS certificate errors will be ignored for this session
wrz 04, 2018 10:45:52 PM org.openqa.selenium.remote.ProtocolHandshake createSession
INFO: Detected dialect: W3C
[Child 388, Chrome_ChildThread] WARNING: pipe error: 109: file z:/build/build/src/ipc/chromium/src/chrome/common/ipc_channel_win.cc, line 346
[Child 388, Chrome_ChildThread] WARNING: pipe error: 109: file z:/build/build/src/ipc/chromium/src/chrome/common/ipc_channel_win.cc, line 346
[Parent 8588, Gecko_IOThread] WARNING: pipe error: 109: file z:/build/build/src/ipc/chromium/src/chrome/common/ipc_channel_win.cc, line 346
[Parent 8588, Gecko_IOThread] WARNING: pipe error: 109: file z:/build/build/src/ipc/chromium/src/chrome/common/ipc_channel_win.cc, line 346
[Child 12336, Chrome_ChildThread] WARNING: pipe error: 109: file z:/build/build/src/ipc/chromium/src/chrome/common/ipc_channel_win.cc, line 346
*** UTM:SVC TimerManager:registerTimer called after profile-before-change notification. Ignoring timer registration for id: telemetry_modules_ping
[Child 12336, Chrome_ChildThread] WARNING: pipe error: 109: file z:/build/build/src/ipc/chromium/src/chrome/common/ipc_chan[GPU 5460, Chrome_ChildThread] WARNING: pi
###!!! [Child][MessageChannel::SendAndWait] Error: Channel error: cannot send/recv

]]></system-err>
</testsuite>
